aaaaceg
aaaaceh
aaaadfg
aaaadfh
aaabceg
aaabceh
aaabdfg
aaabdfh
aaaceag
aaaceah
aaacebg
aaacebh
aaaceg 
aaaceh 
aaadfag
aaadfah
aaadfbg
aaadfbh
aaadfg 
aaadfh 
aabaceg
aabaceh
aabadfg
aabadfh
aabbceg
aabbceh
aabbdfg
aabbdfh
aabceag
aabceah
aabcebg
aabcebh
aabceg 
aabceh 
aabdfag
aabdfah
aabdfbg
aabdfbh
aabdfg 
aabdfh 
aaceaag
aaceaah
aaceabg
aaceabh
aaceag 
aaceah 
aacebag
aacebah
aacebbg
aacebbh
aacebg 
aacebh 
aaceg  
aaceh  
aadfaag
aadfaah
aadfabg
aadfabh
aadfag 
aadfah 
aadfbag
aadfbah
aadfbbg
aadfbbh
aadfbg 
aadfbh 
aadfg  
aadfh  
abaaceg
abaaceh
abaadfg
abaadfh
ababceg
ababceh
ababdfg
ababdfh
abaceag
abaceah
abacebg
abacebh
abaceg 
abaceh 
abadfag
abadfah
abadfbg
abadfbh
abadfg 
abadfh 
abbaceg
abbaceh
abbadfg
abbadfh
abbbceg
abbbceh
abbbdfg
abbbdfh
abbceag
abbceah
abbcebg
abbcebh
abbceg 
abbceh 
abbdfag
abbdfah
abbdfbg
abbdfbh
abbdfg 
abbdfh 
abceaag
abceaah
abceabg
abceabh
abceag 
abceah 
abcebag
abcebah
abcebbg
abcebbh
abcebg 
abcebh 
abceg  
abceh  
abdfaag
abdfaah
abdfabg
abdfabh
abdfag 
abdfah 
abdfbag
abdfbah
abdfbbg
abdfbbh
abdfbg 
abdfbh 
abdfg  
abdfh  
aceaaag
aceaaah
aceaabg
aceaabh
aceaag 
aceaah 
aceabag
aceabah
aceabbg
aceabbh
aceabg 
aceabh 
aceag  
aceah  
acebaag
acebaah
acebabg
acebabh
acebag 
acebah 
acebbag
acebbah
acebbbg
acebbbh
acebbg 
acebbh 
acebg  
acebh  
aceg   
aceh   
adfaaag
adfaaah
adfaabg
adfaabh
adfaag 
adfaah 
adfabag
adfabah
adfabbg
adfabbh
adfabg 
adfabh 
adfag  
adfah  
adfbaag
adfbaah
adfbabg
adfbabh
adfbag 
adfbah 
adfbbag
adfbbah
adfbbbg
adfbbbh
adfbbg 
adfbbh 
adfbg  
adfbh  
adfg   
adfh   
baaaceg
baaaceh
baaadfg
baaadfh
baabceg
baabceh
baabdfg
baabdfh
baaceag
baaceah
baacebg
baacebh
baaceg 
baaceh 
baadfag
baadfah
baadfbg
baadfbh
baadfg 
baadfh 
babaceg
babaceh
babadfg
babadfh
babbceg
babbceh
babbdfg
babbdfh
babceag
babceah
babcebg
babcebh
babceg 
babceh 
babdfag
babdfah
babdfbg
babdfbh
babdfg 
babdfh 
baceaag
baceaah
baceabg
baceabh
baceag 
baceah 
bacebag
bacebah
bacebbg
bacebbh
bacebg 
bacebh 
baceg  
baceh  
badfaag
badfaah
badfabg
badfabh
badfag 
badfah 
badfbag
badfbah
badfbbg
badfbbh
badfbg 
badfbh 
badfg  
badfh  
bbaaceg
bbaaceh
bbaadfg
bbaadfh
bbabceg
bbabceh
bbabdfg
bbabdfh
bbaceag
bbaceah
bbacebg
bbacebh
bbaceg 
bbaceh 
bbadfag
bbadfah
bbadfbg
bbadfbh
bbadfg 
bbadfh 
bbbaceg
bbbaceh
bbbadfg
bbbadfh
bbbbceg
bbbbceh
bbbbdfg
bbbbdfh
bbbceag
bbbceah
bbbcebg
bbbcebh
bbbceg 
bbbceh 
bbbdfag
bbbdfah
bbbdfbg
bbbdfbh
bbbdfg 
bbbdfh 
bbceaag
bbceaah
bbceabg
bbceabh
bbceag 
bbceah 
bbcebag
bbcebah
bbcebbg
bbcebbh
bbcebg 
bbcebh 
bbceg  
bbceh  
bbdfaag
bbdfaah
bbdfabg
bbdfabh
bbdfag 
bbdfah 
bbdfbag
bbdfbah
bbdfbbg
bbdfbbh
bbdfbg 
bbdfbh 
bbdfg  
bbdfh  
bceaaag
bceaaah
bceaabg
bceaabh
bceaag 
bceaah 
bceabag
bceabah
bceabbg
bceabbh
bceabg 
bceabh 
bceag  
bceah  
bcebaag
bcebaah
bcebabg
bcebabh
bcebag 
bcebah 
bcebbag
bcebbah
bcebbbg
bcebbbh
bcebbg 
bcebbh 
bcebg  
bcebh  
bceg   
bceh   
bdfaaag
bdfaaah
bdfaabg
bdfaabh
bdfaag 
bdfaah 
bdfabag
bdfabah
bdfabbg
bdfabbh
bdfabg 
bdfabh 
bdfag  
bdfah  
bdfbaag
bdfbaah
bdfbabg
bdfbabh
bdfbag 
bdfbah 
bdfbbag
bdfbbah
bdfbbbg
bdfbbbh
bdfbbg 
bdfbbh 
bdfbg  
bdfbh  
bdfg   
bdfh   
ceaaaag
ceaaaah
ceaaabg
ceaaabh
ceaaag 
ceaaah 
ceaabag
ceaabah
ceaabbg
ceaabbh
ceaabg 
ceaabh 
ceaag  
ceaah  
ceabaag
ceabaah
ceababg
ceababh
ceabag 
ceabah 
ceabbag
ceabbah
ceabbbg
ceabbbh
ceabbg 
ceabbh 
ceabg  
ceabh  
ceag   
ceah   
cebaaag
cebaaah
cebaabg
cebaabh
cebaag 
cebaah 
cebabag
cebabah
cebabbg
cebabbh
cebabg 
cebabh 
cebag  
cebah  
cebbaag
cebbaah
cebbabg
cebbabh
cebbag 
cebbah 
cebbbag
cebbbah
cebbbbg
cebbbbh
cebbbg 
cebbbh 
cebbg  
cebbh  
cebg   
cebh   
ceg    
ceh    
dfaaaag
dfaaaah
dfaaabg
dfaaabh
dfaaag 
dfaaah 
dfaabag
dfaabah
dfaabbg
dfaabbh
dfaabg 
dfaabh 
dfaag  
dfaah  
dfabaag
dfabaah
dfababg
dfababh
dfabag 
dfabah 
dfabbag
dfabbah
dfabbbg
dfabbbh
dfabbg 
dfabbh 
dfabg  
dfabh  
dfag   
dfah   
dfbaaag
dfbaaah
dfbaabg
dfbaabh
dfbaag 
dfbaah 
dfbabag
dfbabah
dfbabbg
dfbabbh
dfbabg 
dfbabh 
dfbag  
dfbah  
dfbbaag
dfbbaah
dfbbabg
dfbbabh
dfbbag 
dfbbah 
dfbbbag
dfbbbah
dfbbbbg
dfbbbbh
dfbbbg 
dfbbbh 
dfbbg  
dfbbh  
dfbg   
dfbh   
dfg    
dfh    
